-------------------------------------------------------------------------------
Test set: com.hugo.spring.eureka.server.RetrieveTransactionUserApplicationTests
-------------------------------------------------------------------------------
Tests run: 1, Failures: 0, Errors: 1, Skipped: 0, Time elapsed: 1.484 s <<< FAILURE! - in com.hugo.spring.eureka.server.RetrieveTransactionUserApplicationTests
com.hugo.spring.eureka.server.RetrieveTransactionUserApplicationTests  Time elapsed: 1.484 s  <<< ERROR!
java.lang.IllegalStateException: Unable to find a @SpringBootConfiguration, you need to use @ContextConfiguration or @SpringBootTest(classes=...) with your test

