<?xml version="1.0" encoding="UTF-8"?>
<testsuite xmlns:xsi="http://www.w3.org/2001/XMLSchema-instance" xsi:noNamespaceSchemaLocation="https://maven.apache.org/surefire/maven-surefire-plugin/xsd/surefire-test-report.xsd" name="com.hugo.spring.eureka.server.RetrieveTransactionUserApplicationTests" time="1.484" tests="1" errors="1" skipped="0" failures="0">
  <properties>
[...]
</properties>
  <testcase name="com.hugo.spring.eureka.server.RetrieveTransactionUserApplicationTests" classname="com.hugo.spring.eureka.server.RetrieveTransactionUserApplicationTests" time="1.484">
    <error message="Unable to find a @SpringBootConfiguration, you need to use @ContextConfiguration or @SpringBootTest(classes=...) with your test" type="java.lang.IllegalStateException">java.lang.IllegalStateException: Unable to find a @SpringBootConfiguration, you need to use @ContextConfiguration or @SpringBootTest(classes=...) with your test
</error>
    <system-out><![CDATA[15:50:58.898 [main] DEBUG org.springframework.test.context.BootstrapUtils - Instantiating CacheAwareContextLoaderDelegate from class [org.springframework.test.context.cache.DefaultCacheAwareContextLoaderDelegate]
15:50:58.992 [main] DEBUG org.springframework.test.context.BootstrapUtils - Instantiating BootstrapContext using constructor [public org.springframework.test.context.support.DefaultBootstrapContext(java.lang.Class,org.springframework.test.context.CacheAwareContextLoaderDelegate)]
15:50:59.148 [main] DEBUG org.springframework.test.context.BootstrapUtils - Instantiating TestContextBootstrapper for test class [com.hugo.spring.eureka.server.RetrieveTransactionUserApplicationTests] from class [org.springframework.boot.test.context.SpringBootTestContextBootstrapper]
15:50:59.226 [main] INFO org.springframework.boot.test.context.SpringBootTestContextBootstrapper - Neither @ContextConfiguration nor @ContextHierarchy found for test class [com.hugo.spring.eureka.server.RetrieveTransactionUserApplicationTests], using SpringBootContextLoader
15:50:59.226 [main] DEBUG org.springframework.test.context.support.AbstractContextLoader - Did not detect default resource location for test class [com.hugo.spring.eureka.server.RetrieveTransactionUserApplicationTests]: class path resource [com/hugo/spring/eureka/server/RetrieveTransactionUserApplicationTests-context.xml] does not exist
15:50:59.242 [main] DEBUG org.springframework.test.context.support.AbstractContextLoader - Did not detect default resource location for test class [com.hugo.spring.eureka.server.RetrieveTransactionUserApplicationTests]: class path resource [com/hugo/spring/eureka/server/RetrieveTransactionUserApplicationTestsContext.groovy] does not exist
15:50:59.242 [main] INFO org.springframework.test.context.support.AbstractContextLoader - Could not detect default resource locations for test class [com.hugo.spring.eureka.server.RetrieveTransactionUserApplicationTests]: no resource found for suffixes {-context.xml, Context.groovy}.
15:50:59.242 [main] INFO org.springframework.test.context.support.AnnotationConfigContextLoaderUtils - Could not detect default configuration classes for test class [com.hugo.spring.eureka.server.RetrieveTransactionUserApplicationTests]: RetrieveTransactionUserApplicationTests does not declare any static, non-private, non-final, nested classes annotated with @Configuration.
15:50:59.555 [main] DEBUG org.springframework.test.context.support.ActiveProfilesUtils - Could not find an 'annotation declaring class' for annotation type [org.springframework.test.context.ActiveProfiles] and class [com.hugo.spring.eureka.server.RetrieveTransactionUserApplicationTests]
]]></system-out>
  </testcase>
</testsuite>